<?xml version="1.0" encoding="UTF-8"?>
<!-- Generated by org.testng.reporters.JUnitReportReporter -->
<testsuite skipped="0" hostname="DT13" name="com.orangehrmlive.NewTest" tests="3" failures="0" timestamp="30 Sep 2019 09:55:17 GMT" time="0.015" errors="0">
  <testcase name="rohit" time="0.010" classname="com.orangehrmlive.NewTest"/>
  <testcase name="aaaa" time="0.003" classname="com.orangehrmlive.NewTest"/>
  <testcase name="rahul" time="0.002" classname="com.orangehrmlive.NewTest"/>
</testsuite> <!-- com.orangehrmlive.NewTest -->
