<?xml version="1.0" encoding="UTF-8"?>
<!-- Generated by org.testng.reporters.JUnitReportReporter -->
<testsuite skipped="0" hostname="DT13" name="com.orangehrmlive.Test2" tests="7" failures="0" timestamp="30 Sep 2019 12:25:55 GMT" time="16.137" errors="0">
  <testcase name="openBrowser" time="7.231" classname="com.orangehrmlive.Test2"/>
  <testcase name="loginTest" time="4.143" classname="com.orangehrmlive.Test2"/>
  <testcase name="isDisplayed" time="0.241" classname="com.orangehrmlive.Test2"/>
  <testcase name="adminTest" time="0.298" classname="com.orangehrmlive.Test2"/>
  <testcase name="pimTest" time="0.148" classname="com.orangehrmlive.Test2"/>
  <testcase name="logoutTest" time="3.947" classname="com.orangehrmlive.Test2"/>
  <testcase name="closeBrowser" time="0.129" classname="com.orangehrmlive.Test2"/>
</testsuite> <!-- com.orangehrmlive.Test2 -->
