<?xml version="1.0" encoding="UTF-8"?>
<!-- Generated by org.testng.reporters.JUnitReportReporter -->
<testsuite skipped="0" hostname="DT12" name="com.orangehrmlive.TestNGDemo" tests="2" failures="0" timestamp="30 Sep 2019 09:50:23 GMT" time="0.010" errors="0">
  <testcase name="f" time="0.009" classname="com.orangehrmlive.TestNGDemo"/>
  <testcase name="a" time="0.001" classname="com.orangehrmlive.TestNGDemo"/>
</testsuite> <!-- com.orangehrmlive.TestNGDemo -->
