<?xml version="1.0" encoding="UTF-8"?>
<!-- Generated by org.testng.reporters.JUnitReportReporter -->
<testsuite skipped="0" hostname="DT12" name="com.orangehrmlive.LoginLogoutTest" tests="3" failures="0" timestamp="01 Oct 2019 11:45:28 GMT" time="18.344" errors="0">
  <testcase name="loginTest" time="4.426" classname="com.orangehrmlive.LoginLogoutTest"/>
  <testcase name="loginTest" time="4.126" classname="com.orangehrmlive.LoginLogoutTest"/>
  <testcase name="loginTest" time="9.792" classname="com.orangehrmlive.LoginLogoutTest"/>
</testsuite> <!-- com.orangehrmlive.LoginLogoutTest -->
