<?xml version="1.0" encoding="UTF-8"?>
<!-- Generated by org.testng.reporters.JUnitReportReporter -->
<testsuite skipped="0" hostname="DT12" name="com.orangehrmlive.TestNGAnnotation" tests="5" failures="0" timestamp="30 Sep 2019 12:17:34 GMT" time="16.725" errors="0">
  <testcase name="openBrowser" time="8.104" classname="com.orangehrmlive.TestNGAnnotation"/>
  <testcase name="loginTest" time="1.636" classname="com.orangehrmlive.TestNGAnnotation"/>
  <testcase name="adminTest" time="6.850" classname="com.orangehrmlive.TestNGAnnotation"/>
  <testcase name="Displayed" time="0.103" classname="com.orangehrmlive.TestNGAnnotation"/>
  <testcase name="isDisplayed" time="0.032" classname="com.orangehrmlive.TestNGAnnotation"/>
</testsuite> <!-- com.orangehrmlive.TestNGAnnotation -->
