<?xml version="1.0" encoding="UTF-8"?>
<!-- Generated by org.testng.reporters.JUnitReportReporter -->
<testsuite skipped="0" hostname="DT12" name="com.orangehrmlive.LogTest" tests="2" failures="0" timestamp="01 Oct 2019 11:08:26 GMT" time="8.286" errors="0">
  <testcase name="loginTest" time="4.278" classname="com.orangehrmlive.LogTest"/>
  <testcase name="loginTest" time="4.008" classname="com.orangehrmlive.LogTest"/>
</testsuite> <!-- com.orangehrmlive.LogTest -->
